Using pre-set license
Built from '2020.3/staging' branch; Version is '2020.3.20f1 (41c4e627c95f) revision 4310246'; Using compiler version '192528614'; Build Type 'Release'
OS: 'Windows 10 Home; OS build 19043.1288; Version 2009; 64bit' Language: 'en' Physical Memory: 16085 MB
BatchMode: 1, IsHumanControllingUs: 0, StartBugReporterOnCrash: 0, Is64bit: 1, IsPro: 0

COMMAND LINE ARGUMENTS:
C:\Program Files\Unity\Hub\Editor\2020.3.20f1\Editor\Unity.exe
-adb2
-batchMode
-noUpm
-name
AssetImportWorker0
-projectPath
C:/Users/anna/OneDrive/Documents/GitHub/ARXR_iPhone_Repo/ARXR_iPhone_Project
-logFile
Logs/AssetImportWorker0.log
-srvPort
50820
Successfully changed project path to: C:/Users/anna/OneDrive/Documents/GitHub/ARXR_iPhone_Repo/ARXR_iPhone_Project
C:/Users/anna/OneDrive/Documents/GitHub/ARXR_iPhone_Repo/ARXR_iPhone_Project
Using Asset Import Pipeline V2.
Refreshing native plugins compatible for Editor in 24.44 ms, found 0 plugins.
Preloading 0 native plugins for Editor in 0.00 ms.
Initialize engine version: 2020.3.20f1 (41c4e627c95f)
[Subsystems] Discovering subsystems at path C:/Program Files/Unity/Hub/Editor/2020.3.20f1/Editor/Data/Resources/UnitySubsystems
[Subsystems] Discovering subsystems at path C:/Users/anna/OneDrive/Documents/GitHub/ARXR_iPhone_Repo/ARXR_iPhone_Project/Assets
GfxDevice: creating device client; threaded=0
Direct3D:
    Version:  Direct3D 11.0 [level 11.1]
    Renderer: NVIDIA GeForce RTX 3060 Laptop GPU (ID=0x2520)
    Vendor:   
    VRAM:     6023 MB
    Driver:   30.0.14.7141
Initialize mono
Mono path[0] = 'C:/Program Files/Unity/Hub/Editor/2020.3.20f1/Editor/Data/Managed'
Mono path[1] = 'C:/Program Files/Unity/Hub/Editor/2020.3.20f1/Editor/Data/MonoBleedingEdge/lib/mono/unityjit'
Mono config path = 'C:/Program Files/Unity/Hub/Editor/2020.3.20f1/Editor/Data/MonoBleedingEdge/etc'
Using monoOptions --debugger-agent=transport=dt_socket,embedding=1,server=y,suspend=n,address=127.0.0.1:56764
Begin MonoManager ReloadAssembly
Registering precompiled unity dll's ...
Register platform support module: C:/Program Files/Unity/Hub/Editor/2020.3.20f1/Editor/Data/PlaybackEngines/WindowsStandaloneSupport/UnityEditor.WindowsStandalone.Extensions.dll
Registered in 0.001605 seconds.
Native extension for WindowsStandalone target not found
Refreshing native plugins compatible for Editor in 21.87 ms, found 0 plugins.
Preloading 0 native plugins for Editor in 0.00 ms.
Mono: successfully reloaded assembly
- Completed reload, in  0.833 seconds
Domain Reload Profiling:
	ReloadAssembly (833ms)
		BeginReloadAssembly (37ms)
			ExecutionOrderSort (0ms)
			DisableScriptedObjects (0ms)
			BackupInstance (0ms)
			ReleaseScriptingObjects (0ms)
			CreateAndSetChildDomain (1ms)
		EndReloadAssembly (270ms)
			LoadAssemblies (35ms)
			RebuildTransferFunctionScriptingTraits (0ms)
			SetupTypeCache (100ms)
			ReleaseScriptCaches (0ms)
			RebuildScriptCaches (19ms)
			SetupLoadedEditorAssemblies (104ms)
				LogAssemblyErrors (0ms)
				InitializePlatformSupportModulesInManaged (3ms)
				SetLoadedEditorAssemblies (0ms)
				RefreshPlugins (22ms)
				BeforeProcessingInitializeOnLoad (11ms)
				ProcessInitializeOnLoadAttributes (50ms)
				ProcessInitializeOnLoadMethodAttributes (18ms)
				AfterProcessingInitializeOnLoad (0ms)
				EditorAssembliesLoaded (0ms)
			ExecutionOrderSort2 (0ms)
			AwakeInstancesAfterBackupRestoration (0ms)
Platform modules already initialized, skipping
Registering precompiled user dll's ...
Registered in 0.000537 seconds.
Begin MonoManager ReloadAssembly
Native extension for WindowsStandalone target not found
Refreshing native plugins compatible for Editor in 22.63 ms, found 0 plugins.
Preloading 0 native plugins for Editor in 0.00 ms.
Mono: successfully reloaded assembly
- Completed reload, in  0.634 seconds
Domain Reload Profiling:
	ReloadAssembly (635ms)
		BeginReloadAssembly (97ms)
			ExecutionOrderSort (0ms)
			DisableScriptedObjects (3ms)
			BackupInstance (0ms)
			ReleaseScriptingObjects (0ms)
			CreateAndSetChildDomain (15ms)
		EndReloadAssembly (492ms)
			LoadAssemblies (58ms)
			RebuildTransferFunctionScriptingTraits (0ms)
			SetupTypeCache (132ms)
			ReleaseScriptCaches (0ms)
			RebuildScriptCaches (28ms)
			SetupLoadedEditorAssemblies (189ms)
				LogAssemblyErrors (0ms)
				InitializePlatformSupportModulesInManaged (3ms)
				SetLoadedEditorAssemblies (0ms)
				RefreshPlugins (23ms)
				BeforeProcessingInitializeOnLoad (61ms)
				ProcessInitializeOnLoadAttributes (94ms)
				ProcessInitializeOnLoadMethodAttributes (3ms)
				AfterProcessingInitializeOnLoad (5ms)
				EditorAssembliesLoaded (0ms)
			ExecutionOrderSort2 (0ms)
			AwakeInstancesAfterBackupRestoration (4ms)
Platform modules already initialized, skipping
========================================================================
Worker process is ready to serve import requests
Launched and connected shader compiler UnityShaderCompiler.exe after 0.03 seconds
Refreshing native plugins compatible for Editor in 0.31 ms, found 0 plugins.
Preloading 0 native plugins for Editor in 0.00 ms.
Unloading 1502 Unused Serialized files (Serialized files now loaded: 0)
System memory in use before: 72.3 MB.
System memory in use after: 72.4 MB.

Unloading 22 unused Assets to reduce memory usage. Loaded Objects now: 1938.
Total: 1.935700 ms (FindLiveObjects: 0.108500 ms CreateObjectMapping: 0.024900 ms MarkObjects: 1.735000 ms  DeleteObjects: 0.066400 ms)

AssetImportParameters requested are different than current active one (requested -> active):
  custom:framework-win-MediaFoundation: 216162199b28c13a410421893ffa2e32 -> 
  custom:video-decoder-ogg-theora: a1e56fd34408186e4bbccfd4996cb3dc -> 
  custom:container-muxer-webm: aa71ff27fc2769a1b78a27578f13a17b -> 
  custom:container-demuxer-webm: 4f35f7cbe854078d1ac9338744f61a02 -> 
  custom:container-demuxer-ogg: 62fdf1f143b41e24485cea50d1cbac27 -> 
  custom:video-encoder-webm-vp8: eb34c28f22e8b96e1ab97ce403110664 -> 
  custom:video-decoder-webm-vp8: 9c59270c3fd7afecdb556c50c9e8de78 -> 
  custom:audio-decoder-ogg-vorbis: bf7c407c2cedff20999df2af8eb42d56 -> 
  custom:audio-encoder-webm-vorbis: bf7c407c2cedff20999df2af8eb42d56 -> 
========================================================================
Received Import Request.
  path: Assets/Scenes/Meshing/Prefabs_MeshClassification/MeshPrefab_Floor.prefab
  artifactKey: Guid(c08707f48795c4697a4095a2e73d1583) Importer(815301076,1909f56bfc062723c751e8b465ee728b)
Start importing Assets/Scenes/Meshing/Prefabs_MeshClassification/MeshPrefab_Floor.prefab using Guid(c08707f48795c4697a4095a2e73d1583) Importer(815301076,1909f56bfc062723c751e8b465ee728b)  -> (artifact id: '037c7cb296d1268710f011b766fb624a') in 0.027728 seconds 
  Import took 0.029698 seconds .

========================================================================
Received Import Request.
  Time since last request: 0.000310 seconds.
  path: Assets/Scenes/Meshing/Materials_MeshClassification/MeshMaterial_Wall.mat
  artifactKey: Guid(85dd4974e1b7c488e8ef71f1f4aecbbe) Importer(815301076,1909f56bfc062723c751e8b465ee728b)
Start importing Assets/Scenes/Meshing/Materials_MeshClassification/MeshMaterial_Wall.mat using Guid(85dd4974e1b7c488e8ef71f1f4aecbbe) Importer(815301076,1909f56bfc062723c751e8b465ee728b)  -> (artifact id: '5910ea95f44ea8922f4895aca00e0065') in 0.059252 seconds 
  Import took 0.061212 seconds .

========================================================================
Received Import Request.
  Time since last request: 0.000292 seconds.
  path: Assets/Prefabs/FaceMeshPrefab.prefab
  artifactKey: Guid(92e70fac81673432784c18cf08f10366) Importer(815301076,1909f56bfc062723c751e8b465ee728b)
Start importing Assets/Prefabs/FaceMeshPrefab.prefab using Guid(92e70fac81673432784c18cf08f10366) Importer(815301076,1909f56bfc062723c751e8b465ee728b)  -> (artifact id: '4930ce618ffc721fa76fa7f4a77d47ed') in 0.005728 seconds 
  Import took 0.007686 seconds .

========================================================================
Received Import Request.
  Time since last request: 0.000244 seconds.
  path: Assets/Scenes/Meshing/Prefabs_MeshClassification/MeshPrefab_Wall.prefab
  artifactKey: Guid(79b6de234a9a44eb2a481947a184a204) Importer(815301076,1909f56bfc062723c751e8b465ee728b)
Start importing Assets/Scenes/Meshing/Prefabs_MeshClassification/MeshPrefab_Wall.prefab using Guid(79b6de234a9a44eb2a481947a184a204) Importer(815301076,1909f56bfc062723c751e8b465ee728b)  -> (artifact id: 'af1a76e0b6b65e0e2efa5f8edbe7be22') in 0.003467 seconds 
  Import took 0.005458 seconds .

========================================================================
Received Import Request.
  Time since last request: 0.000260 seconds.
  path: Assets/Scenes/Meshing/Materials_MeshClassification/MeshMaterial_Door.mat
  artifactKey: Guid(8aa144ce80e644152b9462716fd99c4b) Importer(815301076,1909f56bfc062723c751e8b465ee728b)
Start importing Assets/Scenes/Meshing/Materials_MeshClassification/MeshMaterial_Door.mat using Guid(8aa144ce80e644152b9462716fd99c4b) Importer(815301076,1909f56bfc062723c751e8b465ee728b)  -> (artifact id: 'ad75c0fbe516d2cf797ebd4e1dd5a44c') in 0.006687 seconds 
  Import took 0.008714 seconds .

========================================================================
Received Import Request.
  Time since last request: 0.000316 seconds.
  path: Assets/Scenes/Meshing/Prefabs_MeshClassification/MeshPrefab_Seat.prefab
  artifactKey: Guid(3d02213a900f346f7981c7572e851b8a) Importer(815301076,1909f56bfc062723c751e8b465ee728b)
Start importing Assets/Scenes/Meshing/Prefabs_MeshClassification/MeshPrefab_Seat.prefab using Guid(3d02213a900f346f7981c7572e851b8a) Importer(815301076,1909f56bfc062723c751e8b465ee728b)  -> (artifact id: 'c67f085f31c2e8fce8ee4ac23e6bbddf') in 0.022553 seconds 
  Import took 0.024673 seconds .

========================================================================
Received Import Request.
  Time since last request: 0.000290 seconds.
  path: Assets/Scenes/Meshing/Prefabs_MeshClassification/MeshPrefab_Ceiling.prefab
  artifactKey: Guid(3c44023a24638495fb922ff4e92a9c46) Importer(815301076,1909f56bfc062723c751e8b465ee728b)
Start importing Assets/Scenes/Meshing/Prefabs_MeshClassification/MeshPrefab_Ceiling.prefab using Guid(3c44023a24638495fb922ff4e92a9c46) Importer(815301076,1909f56bfc062723c751e8b465ee728b)  -> (artifact id: '94c9c6e5f88dff8bbc03cfacd3576f95') in 0.003687 seconds 
  Import took 0.005898 seconds .

========================================================================
Received Import Request.
  Time since last request: 0.000302 seconds.
  path: Assets/Scenes/Meshing/Prefabs_MeshClassification/MeshPrefab_Table.prefab
  artifactKey: Guid(ff12d0d1aaf0b48d0beb34f3854b5d41) Importer(815301076,1909f56bfc062723c751e8b465ee728b)
Start importing Assets/Scenes/Meshing/Prefabs_MeshClassification/MeshPrefab_Table.prefab using Guid(ff12d0d1aaf0b48d0beb34f3854b5d41) Importer(815301076,1909f56bfc062723c751e8b465ee728b)  -> (artifact id: '1cae447c78d0cdc26eddd428621dc985') in 0.003759 seconds 
  Import took 0.005740 seconds .

========================================================================
Received Import Request.
  Time since last request: 0.000296 seconds.
  path: Assets/Scenes/Meshing/Materials_MeshClassification/MeshMaterial_Window.mat
  artifactKey: Guid(fb45f34a10a414be185d625e8b6861e3) Importer(815301076,1909f56bfc062723c751e8b465ee728b)
Start importing Assets/Scenes/Meshing/Materials_MeshClassification/MeshMaterial_Window.mat using Guid(fb45f34a10a414be185d625e8b6861e3) Importer(815301076,1909f56bfc062723c751e8b465ee728b)  -> (artifact id: 'b47d4386c89c3e4aa97fbe06011105c7') in 0.008960 seconds 
  Import took 0.012059 seconds .

========================================================================
Received Import Request.
  Time since last request: 0.000582 seconds.
  path: Assets/Scenes/ARFoundationMenu/BackButtonManager.prefab
  artifactKey: Guid(4ee22c1f54b174122b6a766fe09e0de8) Importer(815301076,1909f56bfc062723c751e8b465ee728b)
Start importing Assets/Scenes/ARFoundationMenu/BackButtonManager.prefab using Guid(4ee22c1f54b174122b6a766fe09e0de8) Importer(815301076,1909f56bfc062723c751e8b465ee728b)  -> (artifact id: '7b3b6ed831b14eba5077883ff2f2327e') in 0.020854 seconds 
  Import took 0.023992 seconds .

========================================================================
Received Import Request.
  Time since last request: 0.000349 seconds.
  path: Assets/Scenes/Meshing/Materials_MeshClassification/MeshMaterial_Table.mat
  artifactKey: Guid(2f2afe03f98184fb580cca72ac690bc4) Importer(815301076,1909f56bfc062723c751e8b465ee728b)
Start importing Assets/Scenes/Meshing/Materials_MeshClassification/MeshMaterial_Table.mat using Guid(2f2afe03f98184fb580cca72ac690bc4) Importer(815301076,1909f56bfc062723c751e8b465ee728b)  -> (artifact id: '9205dbe19e177c7e3123e5dd53864adf') in 0.007589 seconds 
  Import took 0.010393 seconds .

========================================================================
Received Import Request.
  Time since last request: 0.000440 seconds.
  path: Assets/Scenes/Meshing/Materials_MeshClassification/MeshMaterial_Floor.mat
  artifactKey: Guid(3d9e7d215c81b45348f362eb379c1b70) Importer(815301076,1909f56bfc062723c751e8b465ee728b)
Start importing Assets/Scenes/Meshing/Materials_MeshClassification/MeshMaterial_Floor.mat using Guid(3d9e7d215c81b45348f362eb379c1b70) Importer(815301076,1909f56bfc062723c751e8b465ee728b)  -> (artifact id: '8ad5c1fee1a999d6fec9e3139ecdd575') in 0.010526 seconds 
  Import took 0.014602 seconds .

========================================================================
Received Import Request.
  Time since last request: 0.000360 seconds.
  path: Assets/Scenes/Meshing/RenderedMeshPrefab.prefab
  artifactKey: Guid(a7db2f31145544cc9a9abc959fc3e80e) Importer(815301076,1909f56bfc062723c751e8b465ee728b)
Start importing Assets/Scenes/Meshing/RenderedMeshPrefab.prefab using Guid(a7db2f31145544cc9a9abc959fc3e80e) Importer(815301076,1909f56bfc062723c751e8b465ee728b)  -> (artifact id: '66704738bb12cdfa1c6751d91ce5e891') in 0.004163 seconds 
  Import took 0.006576 seconds .

========================================================================
Received Import Request.
  Time since last request: 0.000391 seconds.
  path: Assets/Scenes/Meshing/Prefabs_MeshClassification/MeshPrefab_Window.prefab
  artifactKey: Guid(eb93e86095a044f6794390f6183f4993) Importer(815301076,1909f56bfc062723c751e8b465ee728b)
Start importing Assets/Scenes/Meshing/Prefabs_MeshClassification/MeshPrefab_Window.prefab using Guid(eb93e86095a044f6794390f6183f4993) Importer(815301076,1909f56bfc062723c751e8b465ee728b)  -> (artifact id: '06c2cdbf7b4a28edae5ae9b4c3708b8d') in 0.006517 seconds 
  Import took 0.010432 seconds .

========================================================================
Received Import Request.
  Time since last request: 0.000453 seconds.
  path: Assets/Scenes/Meshing/Prefabs_MeshClassification/MeshPrefab_None.prefab
  artifactKey: Guid(fddcd62d97fac4370b32ed91c45494fd) Importer(815301076,1909f56bfc062723c751e8b465ee728b)
Start importing Assets/Scenes/Meshing/Prefabs_MeshClassification/MeshPrefab_None.prefab using Guid(fddcd62d97fac4370b32ed91c45494fd) Importer(815301076,1909f56bfc062723c751e8b465ee728b)  -> (artifact id: '51a3654fc54bc02dc63cd5525401c2b9') in 0.006002 seconds 
  Import took 0.009562 seconds .

========================================================================
Received Import Request.
  Time since last request: 0.000543 seconds.
  path: Assets/Scenes/Meshing/NonrenderedMeshPrefab.prefab
  artifactKey: Guid(fedb7292b0fca45fb8cd1185135b9511) Importer(815301076,1909f56bfc062723c751e8b465ee728b)
Start importing Assets/Scenes/Meshing/NonrenderedMeshPrefab.prefab using Guid(fedb7292b0fca45fb8cd1185135b9511) Importer(815301076,1909f56bfc062723c751e8b465ee728b)  -> (artifact id: '83b076da4fd1e297877a20202e5d3834') in 0.005765 seconds 
  Import took 0.008753 seconds .

========================================================================
Received Import Request.
  Time since last request: 0.000312 seconds.
  path: Assets/Scenes/Meshing/OcclusionMeshPrefab.prefab
  artifactKey: Guid(7187fb4e8b07f43d3be5d09b2d0e47bf) Importer(815301076,1909f56bfc062723c751e8b465ee728b)
Start importing Assets/Scenes/Meshing/OcclusionMeshPrefab.prefab using Guid(7187fb4e8b07f43d3be5d09b2d0e47bf) Importer(815301076,1909f56bfc062723c751e8b465ee728b)  -> (artifact id: 'aab3c5c3fec0ad883f1549107a15be9e') in 0.005249 seconds 
  Import took 0.007752 seconds .

========================================================================
Received Import Request.
  Time since last request: 0.000302 seconds.
  path: Assets/Scenes/Meshing/ClassificationMeshes.unity
  artifactKey: Guid(edd18841a7a8f4a68a80239a5e7f14f9) Importer(815301076,1909f56bfc062723c751e8b465ee728b)
Start importing Assets/Scenes/Meshing/ClassificationMeshes.unity using Guid(edd18841a7a8f4a68a80239a5e7f14f9) Importer(815301076,1909f56bfc062723c751e8b465ee728b)  -> (artifact id: '2058679e9a6718dbe7d596035dba6fc0') in 0.003686 seconds 
  Import took 0.007183 seconds .

========================================================================
Received Import Request.
  Time since last request: 0.000322 seconds.
  path: Assets/Scenes/Meshing/Prefabs_MeshClassification/MeshPrefab_Door.prefab
  artifactKey: Guid(f7aeb5ca16bc04524a07fe581cedf3ff) Importer(815301076,1909f56bfc062723c751e8b465ee728b)
Start importing Assets/Scenes/Meshing/Prefabs_MeshClassification/MeshPrefab_Door.prefab using Guid(f7aeb5ca16bc04524a07fe581cedf3ff) Importer(815301076,1909f56bfc062723c751e8b465ee728b)  -> (artifact id: 'c8f5982421b6a2d10011191fcf249bce') in 0.003828 seconds 
  Import took 0.006018 seconds .

========================================================================
Received Import Request.
  Time since last request: 0.000279 seconds.
  path: Assets/Scenes/ARKit/ThermalState/Prefabs/SimpleMesh.prefab
  artifactKey: Guid(481ab5ad50c684d128841668c492e601) Importer(815301076,1909f56bfc062723c751e8b465ee728b)
Start importing Assets/Scenes/ARKit/ThermalState/Prefabs/SimpleMesh.prefab using Guid(481ab5ad50c684d128841668c492e601) Importer(815301076,1909f56bfc062723c751e8b465ee728b)  -> (artifact id: 'b0efb71d3ad7e919c6b0c991640553ca') in 0.004232 seconds 
  Import took 0.006715 seconds .

========================================================================
Received Import Request.
  Time since last request: 0.000258 seconds.
  path: Assets/Scenes/Meshing/Materials_MeshClassification/MeshMaterial_Ceiling.mat
  artifactKey: Guid(49a567f2707bc47eb95ee3efae90189c) Importer(815301076,1909f56bfc062723c751e8b465ee728b)
Start importing Assets/Scenes/Meshing/Materials_MeshClassification/MeshMaterial_Ceiling.mat using Guid(49a567f2707bc47eb95ee3efae90189c) Importer(815301076,1909f56bfc062723c751e8b465ee728b)  -> (artifact id: '67090b380e44c76e7e42a038dc44258e') in 0.007288 seconds 
  Import took 0.010216 seconds .

========================================================================
Received Import Request.
  Time since last request: 0.000386 seconds.
  path: Assets/Scenes/Meshing/Materials_MeshClassification/MeshMaterial_Seat.mat
  artifactKey: Guid(f28b3aa036d2244fe918138556fa38d3) Importer(815301076,1909f56bfc062723c751e8b465ee728b)
Start importing Assets/Scenes/Meshing/Materials_MeshClassification/MeshMaterial_Seat.mat using Guid(f28b3aa036d2244fe918138556fa38d3) Importer(815301076,1909f56bfc062723c751e8b465ee728b)  -> (artifact id: 'e3a838d003ec8aa3b79d54d4b0ea5bbe') in 0.006891 seconds 
  Import took 0.009137 seconds .

========================================================================
Received Import Request.
  Time since last request: 0.000309 seconds.
  path: Assets/Scenes/Meshing/Materials_MeshClassification/MeshMaterial_None.mat
  artifactKey: Guid(208182e155a4b40deb1848646851225d) Importer(815301076,1909f56bfc062723c751e8b465ee728b)
Start importing Assets/Scenes/Meshing/Materials_MeshClassification/MeshMaterial_None.mat using Guid(208182e155a4b40deb1848646851225d) Importer(815301076,1909f56bfc062723c751e8b465ee728b)  -> (artifact id: '8c66ded5999a95d89c03f4e84721bbd5') in 0.007125 seconds 
  Import took 0.009249 seconds .

AssetImportWorkerClient::OnTransportError - code=2 error=End of file
